0 info it worked if it ends with ok
1 verbose cli [ 'C:\\Program Files\\nodejs\\node.exe',
1 verbose cli   'C:\\Program Files\\nodejs\\node_modules\\npm\\bin\\npm-cli.js',
1 verbose cli   'run',
1 verbose cli   'webpack' ]
2 info using npm@3.10.9
3 info using node@v7.2.0
4 verbose run-script [ 'prewebpack', 'webpack', 'postwebpack' ]
5 info lifecycle PricingEngine@1.0.0~prewebpack: PricingEngine@1.0.0
6 silly lifecycle PricingEngine@1.0.0~prewebpack: no script for prewebpack, continuing
7 info lifecycle PricingEngine@1.0.0~webpack: PricingEngine@1.0.0
8 verbose lifecycle PricingEngine@1.0.0~webpack: unsafe-perm in lifecycle true
9 verbose lifecycle PricingEngine@1.0.0~webpack: PATH: C:\Program Files\nodejs\node_modules\npm\bin\node-gyp-bin;C:\Users\chase\Desktop\PricingEngine\node_modules\.bin;C:\Program Files\ImageMagick-7.0.3-Q16;C:\ProgramData\Oracle\Java\javapath;C:\WINDOWS\system32;C:\WINDOWS;C:\WINDOWS\System32\Wbem;C:\WINDOWS\System32\WindowsPowerShell\v1.0\;C:\Program Files (x86)\Skype\Phone\;C:\Program Files (x86)\Heroku\bin;C:\Program Files (x86)\git\cmd;C:\Users\chase\AppData\Roaming\nvm;C:\Program Files\nodejs;C:\WINDOWS\system32\config\systemprofile\.dnx\bin;C:\Program Files\Microsoft DNX\Dnvm\;C:\Program Files (x86)\Windows Kits\8.1\Windows Performance Toolkit\;C:\Program Files\Microsoft SQL Server\130\Tools\Binn\;C:\Program Files\Git\cmd;C:\Program Files\nodejs\;C:\ProgramData\chocolatey\bin;C:\Users\chase\AppData\Local\Programs\Python\Python35\Scripts\;C:\Users\chase\AppData\Local\Programs\Python\Python35\;C:\Users\chase\scoop\shims;C:\RailsInstaller\Git\cmd;C:\RailsInstaller\Ruby2.2.0\bin;C:\Users\chase\AppData\Local\atom\bin;C:\Program Files\PostgreSQL\9.6\bin;C:\test;C:\Users\chase\AppData\Local\Microsoft\WindowsApps;C:\command_shortcuts;C:\Users\chase\AppData\Roaming\nvm;C:\Program Files\nodejs;C:\Users\chase\AppData\Roaming\npm;C:\Program Files\Java\jdk1.8.0_111\bin;C:\Program Files (x86)\Microsoft VS Code\bin;C:\Users\chase\AppData\Local\Android\sdk\tools;C:\Users\chase\AppData\Local\Android\sdk\platform-tools;C:\Program Files\flow;C:\Users\chase\AppData\Local\Box\Box Edit\
10 verbose lifecycle PricingEngine@1.0.0~webpack: CWD: C:\Users\chase\Desktop\PricingEngine
11 silly lifecycle PricingEngine@1.0.0~webpack: Args: [ '/d /s /c', 'webpack --watch' ]
12 silly lifecycle PricingEngine@1.0.0~webpack: Returned: code: 3221225786  signal: null
13 info lifecycle PricingEngine@1.0.0~webpack: Failed to exec webpack script
14 verbose stack Error: PricingEngine@1.0.0 webpack: `webpack --watch`
14 verbose stack Exit status 3221225786
14 verbose stack     at EventEmitter.<anonymous> (C:\Program Files\nodejs\node_modules\npm\lib\utils\lifecycle.js:255:16)
14 verbose stack     at emitTwo (events.js:106:13)
14 verbose stack     at EventEmitter.emit (events.js:191:7)
14 verbose stack     at ChildProcess.<anonymous> (C:\Program Files\nodejs\node_modules\npm\lib\utils\spawn.js:40:14)
14 verbose stack     at emitTwo (events.js:106:13)
14 verbose stack     at ChildProcess.emit (events.js:191:7)
14 verbose stack     at maybeClose (internal/child_process.js:885:16)
14 verbose stack     at Process.ChildProcess._handle.onexit (internal/child_process.js:226:5)
15 verbose pkgid PricingEngine@1.0.0
16 verbose cwd C:\Users\chase\Desktop\PricingEngine
17 error Windows_NT 10.0.14393
18 error argv "C:\\Program Files\\nodejs\\node.exe" "C:\\Program Files\\nodejs\\node_modules\\npm\\bin\\npm-cli.js" "run" "webpack"
19 error node v7.2.0
20 error npm  v3.10.9
21 error code ELIFECYCLE
22 error PricingEngine@1.0.0 webpack: `webpack --watch`
22 error Exit status 3221225786
23 error Failed at the PricingEngine@1.0.0 webpack script 'webpack --watch'.
23 error Make sure you have the latest version of node.js and npm installed.
23 error If you do, this is most likely a problem with the PricingEngine package,
23 error not with npm itself.
23 error Tell the author that this fails on your system:
23 error     webpack --watch
23 error You can get information on how to open an issue for this project with:
23 error     npm bugs PricingEngine
23 error Or if that isn't available, you can get their info via:
23 error     npm owner ls PricingEngine
23 error There is likely additional logging output above.
24 verbose exit [ 1, true ]
